<?xml version="1.0" encoding="UTF-8"?>
<!-- Generated by org.testng.reporters.JUnitReportReporter -->
<testsuite hostname="LAPTOP-HQ2EH5EN" failures="0" tests="1" name="test.NRtest" time="36.712" errors="0" timestamp="2023-12-15T07:29:26 IST" skipped="0">
  <testcase classname="test.NRtest" name="test" time="36.712"/>
  <system-out/>
</testsuite> <!-- test.NRtest -->
